<?xml version="1.0" encoding="UTF-8"?>
<!-- Generated by org.testng.reporters.JUnitReportReporter -->
<testsuite skipped="0" hostname="AJAY-PC" name="Automation.APITesting.SpaceXAPI" tests="3" failures="0" timestamp="2020-09-02T11:33:41 IST" time="3.875" errors="0">
  <testcase name="Test_02_Status_Success" time="0.856" classname="Automation.APITesting.SpaceXAPI"/>
  <system-out/>
  <testcase name="Test_01_SuccessulNavigation" time="2.161" classname="Automation.APITesting.SpaceXAPI"/>
  <system-out/>
  <testcase name="Test_03_FlightDetails" time="0.858" classname="Automation.APITesting.SpaceXAPI"/>
  <system-out/>
</testsuite> <!-- Automation.APITesting.SpaceXAPI -->
